2020-01-11 10:08:30,864 INFO [root] [base.py (__init__:11] - 正在初始化driver:<appium.webdriver.webdriver.WebDriver (session="ddbc9fe3-b8f3-4d96-a4be-57e437916b6a")>
2020-01-11 10:08:30,875 INFO [root] [base.py (base_find:16] - 正在查找元素：('xpath', "//*[@index='1' and @class='android.widget.EditText']")
2020-01-11 10:08:35,167 INFO [root] [base.py (base_input:28] - 正在执行清空操作
2020-01-11 10:08:37,485 INFO [root] [base.py (base_input:31] - 正在给 ('xpath', "//*[@index='1' and @class='android.widget.EditText']") 元素 执行输入操作：13812345678
2020-01-11 10:08:42,860 INFO [root] [base.py (base_find:16] - 正在查找元素：('xpath', "//*[@index='2' and @class='android.widget.EditText']")
2020-01-11 10:08:42,911 INFO [root] [base.py (base_input:28] - 正在执行清空操作
2020-01-11 10:08:44,920 INFO [root] [base.py (base_input:31] - 正在给 ('xpath', "//*[@index='2' and @class='android.widget.EditText']") 元素 执行输入操作：246810
2020-01-11 10:08:50,225 INFO [root] [base.py (base_click:37] - 正在对 ('xpath', "//*[@index='4' and @class='android.widget.EditText']") 元素 执行点击操作
2020-01-11 10:08:50,225 INFO [root] [base.py (base_find:16] - 正在查找元素：('xpath', "//*[@index='4' and @class='android.widget.EditText']")
2020-01-11 10:11:11,101 INFO [root] [base.py (__init__:11] - 正在初始化driver:<appium.webdriver.webdriver.WebDriver (session="976a805e-f918-4632-8437-aaa0ee8297cb")>
2020-01-11 10:11:11,105 INFO [root] [base.py (base_find:16] - 正在查找元素：('xpath', "//*[@index='1' and @class='android.widget.EditText']")
2020-01-11 10:11:15,500 INFO [root] [base.py (base_input:28] - 正在执行清空操作
2020-01-11 10:11:18,086 INFO [root] [base.py (base_input:31] - 正在给 ('xpath', "//*[@index='1' and @class='android.widget.EditText']") 元素 执行输入操作：13812345678
2020-01-11 10:11:22,994 INFO [root] [base.py (base_find:16] - 正在查找元素：('xpath', "//*[@index='2' and @class='android.widget.EditText']")
2020-01-11 10:11:23,031 INFO [root] [base.py (base_input:28] - 正在执行清空操作
2020-01-11 10:11:25,010 INFO [root] [base.py (base_input:31] - 正在给 ('xpath', "//*[@index='2' and @class='android.widget.EditText']") 元素 执行输入操作：246810
2020-01-11 10:11:30,684 INFO [root] [base.py (base_click:37] - 正在对 ('xpath', "//*[@index='4' and @class='android.widget.Button']") 元素 执行点击操作
2020-01-11 10:11:30,685 INFO [root] [base.py (base_find:16] - 正在查找元素：('xpath', "//*[@index='4' and @class='android.widget.Button']")
2020-01-11 10:11:31,588 INFO [root] [base.py (base_find:16] - 正在查找元素：('xpath', "//*[@index='3' and contains(@text,'我的')]")
2020-01-11 10:13:44,466 INFO [root] [base.py (__init__:11] - 正在初始化driver:<appium.webdriver.webdriver.WebDriver (session="b7faa49b-b96b-44fb-a884-92dff3c58b78")>
2020-01-11 10:13:44,467 INFO [root] [base.py (base_find:16] - 正在查找元素：('xpath', "//*[@index='1' and @class='android.widget.EditText']")
2020-01-11 10:13:48,213 INFO [root] [base.py (base_input:28] - 正在执行清空操作
2020-01-11 10:13:51,070 INFO [root] [base.py (base_input:31] - 正在给 ('xpath', "//*[@index='1' and @class='android.widget.EditText']") 元素 执行输入操作：13812345678
2020-01-11 10:13:56,867 INFO [root] [base.py (base_find:16] - 正在查找元素：('xpath', "//*[@index='2' and @class='android.widget.EditText']")
2020-01-11 10:13:56,904 INFO [root] [base.py (base_input:28] - 正在执行清空操作
2020-01-11 10:13:58,911 INFO [root] [base.py (base_input:31] - 正在给 ('xpath', "//*[@index='2' and @class='android.widget.EditText']") 元素 执行输入操作：246810
2020-01-11 10:14:04,172 INFO [root] [base.py (base_click:37] - 正在对 ('xpath', "//*[@index='4' and @class='android.widget.Button']") 元素 执行点击操作
2020-01-11 10:14:04,172 INFO [root] [base.py (base_find:16] - 正在查找元素：('xpath', "//*[@index='4' and @class='android.widget.Button']")
2020-01-11 10:14:04,351 INFO [root] [base.py (base_find:16] - 正在查找元素：('xpath', "//*[@index='3' and @text='我的Tab 4 of 4']")
2020-01-11 11:41:18,431 INFO [root] [base.py (__init__:11] - 正在初始化driver:<appium.webdriver.webdriver.WebDriver (session="768ebe85-605a-462b-8d16-bd9187f849a0")>
2020-01-11 11:41:18,432 INFO [root] [base.py (base_find:16] - 正在查找元素：('xpath', "//*[@index='1' and @class='android.widget.EditText']")
2020-01-11 11:41:21,771 INFO [root] [base.py (base_input:28] - 正在执行清空操作
2020-01-11 11:41:24,122 INFO [root] [base.py (base_input:31] - 正在给 ('xpath', "//*[@index='1' and @class='android.widget.EditText']") 元素 执行输入操作：13812345678
2020-01-11 11:41:29,032 INFO [root] [base.py (base_find:16] - 正在查找元素：('xpath', "//*[@index='2' and @class='android.widget.EditText']")
2020-01-11 11:41:29,071 INFO [root] [base.py (base_input:28] - 正在执行清空操作
2020-01-11 11:41:30,815 INFO [root] [base.py (base_input:31] - 正在给 ('xpath', "//*[@index='2' and @class='android.widget.EditText']") 元素 执行输入操作：246810
2020-01-11 11:41:36,082 INFO [root] [base.py (base_click:37] - 正在对 ('xpath', "//*[@index='4' and @class='android.widget.Button']") 元素 执行点击操作
2020-01-11 11:41:36,083 INFO [root] [base.py (base_find:16] - 正在查找元素：('xpath', "//*[@index='4' and @class='android.widget.Button']")
2020-01-11 11:41:36,940 INFO [root] [base.py (base_find:16] - 正在查找元素：('xpath', "//*[@index='3' and contains(@text,'我的')]")
2020-01-11 14:59:25,656 INFO [root] [base.py (__init__:11] - 正在初始化driver:<appium.webdriver.webdriver.WebDriver (session="94b6cf92-a052-4df7-88fc-3b96f0d8e713")>
2020-01-11 14:59:25,657 INFO [root] [base.py (base_find:16] - 正在查找元素：('xpath', "//*[@index='1' and @class='android.widget.EditText']")
2020-01-11 14:59:29,986 INFO [root] [base.py (base_input:28] - 正在执行清空操作
2020-01-11 14:59:32,748 INFO [root] [base.py (base_input:31] - 正在给 ('xpath', "//*[@index='1' and @class='android.widget.EditText']") 元素 执行输入操作：13812345678
2020-01-11 14:59:37,782 INFO [root] [base.py (base_find:16] - 正在查找元素：('xpath', "//*[@index='2' and @class='android.widget.EditText']")
2020-01-11 14:59:37,821 INFO [root] [base.py (base_input:28] - 正在执行清空操作
2020-01-11 14:59:39,747 INFO [root] [base.py (base_input:31] - 正在给 ('xpath', "//*[@index='2' and @class='android.widget.EditText']") 元素 执行输入操作：246810
2020-01-11 15:00:05,374 INFO [root] [base.py (__init__:11] - 正在初始化driver:<appium.webdriver.webdriver.WebDriver (session="48ac955c-b872-43eb-a08e-cc318fcf11d6")>
2020-01-11 15:00:05,374 INFO [root] [base.py (base_find:16] - 正在查找元素：('xpath', "//*[@index='1' and @class='android.widget.EditText']")
2020-01-11 15:00:09,854 INFO [root] [base.py (base_input:28] - 正在执行清空操作
2020-01-11 15:00:12,312 INFO [root] [base.py (base_input:31] - 正在给 ('xpath', "//*[@index='1' and @class='android.widget.EditText']") 元素 执行输入操作：13812345678
2020-01-11 15:00:17,642 INFO [root] [base.py (base_find:16] - 正在查找元素：('xpath', "//*[@index='2' and @class='android.widget.EditText']")
2020-01-11 15:00:17,699 INFO [root] [base.py (base_input:28] - 正在执行清空操作
2020-01-11 15:00:19,752 INFO [root] [base.py (base_input:31] - 正在给 ('xpath', "//*[@index='2' and @class='android.widget.EditText']") 元素 执行输入操作：246810
2020-01-11 15:00:24,552 INFO [root] [base.py (base_click:37] - 正在对 ('xpath', "//*[@index='4' and @class='android.widget.Button']") 元素 执行点击操作
2020-01-11 15:00:24,552 INFO [root] [base.py (base_find:16] - 正在查找元素：('xpath', "//*[@index='4' and @class='android.widget.Button']")
2020-01-11 15:00:24,726 INFO [root] [base.py (__init__:11] - 正在初始化driver:<appium.webdriver.webdriver.WebDriver (session="48ac955c-b872-43eb-a08e-cc318fcf11d6")>
2020-01-11 15:00:24,727 INFO [root] [base.py (base_find:16] - 正在查找元素：('xpath', "//*[@class='android.widget.HorizontalScrollView']")
2020-01-11 15:02:19,878 INFO [root] [base.py (__init__:11] - 正在初始化driver:<appium.webdriver.webdriver.WebDriver (session="db2c8d99-ad54-4822-9806-834f5f3e7115")>
2020-01-11 15:02:19,879 INFO [root] [base.py (base_find:16] - 正在查找元素：('xpath', "//*[@index='1' and @class='android.widget.EditText']")
2020-01-11 15:02:24,233 INFO [root] [base.py (base_input:28] - 正在执行清空操作
2020-01-11 15:02:26,803 INFO [root] [base.py (base_input:31] - 正在给 ('xpath', "//*[@index='1' and @class='android.widget.EditText']") 元素 执行输入操作：13812345678
2020-01-11 15:02:31,784 INFO [root] [base.py (base_find:16] - 正在查找元素：('xpath', "//*[@index='2' and @class='android.widget.EditText']")
2020-01-11 15:02:31,820 INFO [root] [base.py (base_input:28] - 正在执行清空操作
2020-01-11 15:02:33,768 INFO [root] [base.py (base_input:31] - 正在给 ('xpath', "//*[@index='2' and @class='android.widget.EditText']") 元素 执行输入操作：246810
2020-01-11 15:02:39,432 INFO [root] [base.py (base_click:37] - 正在对 ('xpath', "//*[@index='4' and @class='android.widget.Button']") 元素 执行点击操作
2020-01-11 15:02:39,432 INFO [root] [base.py (base_find:16] - 正在查找元素：('xpath', "//*[@index='4' and @class='android.widget.Button']")
2020-01-11 15:02:40,354 INFO [root] [base.py (__init__:11] - 正在初始化driver:<appium.webdriver.webdriver.WebDriver (session="db2c8d99-ad54-4822-9806-834f5f3e7115")>
2020-01-11 15:02:40,356 INFO [root] [base.py (base_find:16] - 正在查找元素：('xpath', "//*[@class='android.widget.HorizontalScrollView']")
2020-01-11 15:02:42,630 INFO [root] [base.py (base_find:16] - 正在查找元素：('xpath', "//*[contains(@text,'python')]")
2020-01-11 15:02:45,724 INFO [root] [base.py (base_find:16] - 正在查找元素：('xpath', "//*[contains(@text,'python')]")
2020-01-11 15:02:48,753 INFO [root] [base.py (base_find:16] - 正在查找元素：('xpath', "//*[contains(@text,'python')]")
2020-01-11 15:02:51,797 INFO [root] [base.py (base_find:16] - 正在查找元素：('xpath', "//*[contains(@text,'python')]")
2020-01-11 15:51:43,113 INFO [root] [base.py (__init__:11] - 正在初始化driver:<appium.webdriver.webdriver.WebDriver (session="f55a8e33-ebdc-4272-b9df-1221d4ef03d3")>
2020-01-11 15:51:43,113 INFO [root] [base.py (base_find:16] - 正在查找元素：('xpath', "//*[@index='1' and @class='android.widget.EditText']")
2020-01-11 15:51:47,171 INFO [root] [base.py (base_input:28] - 正在执行清空操作
2020-01-11 15:51:49,263 INFO [root] [base.py (base_input:31] - 正在给 ('xpath', "//*[@index='1' and @class='android.widget.EditText']") 元素 执行输入操作：13812345678
2020-01-11 15:51:54,965 INFO [root] [base.py (base_find:16] - 正在查找元素：('xpath', "//*[@index='2' and @class='android.widget.EditText']")
2020-01-11 15:51:54,999 INFO [root] [base.py (base_input:28] - 正在执行清空操作
2020-01-11 15:51:56,629 INFO [root] [base.py (base_input:31] - 正在给 ('xpath', "//*[@index='2' and @class='android.widget.EditText']") 元素 执行输入操作：246810
2020-01-11 15:52:01,861 INFO [root] [base.py (base_click:37] - 正在对 ('xpath', "//*[@index='4' and @class='android.widget.Button']") 元素 执行点击操作
2020-01-11 15:52:01,862 INFO [root] [base.py (base_find:16] - 正在查找元素：('xpath', "//*[@index='4' and @class='android.widget.Button']")
2020-01-11 15:52:02,023 INFO [root] [base.py (__init__:11] - 正在初始化driver:<appium.webdriver.webdriver.WebDriver (session="f55a8e33-ebdc-4272-b9df-1221d4ef03d3")>
2020-01-11 15:52:02,025 INFO [root] [base.py (base_find:16] - 正在查找元素：('xpath', "//*[@class='android.widget.HorizontalScrollView']")
2020-01-11 15:52:05,083 INFO [root] [base.py (base_find:16] - 正在查找元素：('xpath', "//*[contains(@text,'python')]")
2020-01-11 15:52:08,140 INFO [root] [base.py (base_find:16] - 正在查找元素：('xpath', "//*[contains(@text,'python')]")
2020-01-11 15:52:11,088 INFO [root] [base.py (base_find:16] - 正在查找元素：('xpath', "//*[contains(@text,'python')]")
2020-01-11 15:52:14,106 INFO [root] [base.py (base_find:16] - 正在查找元素：('xpath', "//*[contains(@text,'python')]")
2020-01-11 15:52:44,543 INFO [root] [base.py (__init__:11] - 正在初始化driver:<selenium.webdriver.chrome.webdriver.WebDriver (session="4a6d7c89ba49068a8266a9ddf0eaccc1")>
2020-01-11 15:52:44,546 INFO [root] [page_mp_login.py (page_mp_login:34] - 正在调用自媒体登录业务方法，用户名：13812345678 密码：246810
2020-01-11 15:52:44,547 INFO [root] [base.py (base_find:16] - 正在查找元素：('css selector', "[placeholder='请输入手机号']")
2020-01-11 15:52:44,590 INFO [root] [base.py (base_input:28] - 正在执行清空操作
2020-01-11 15:52:44,637 INFO [root] [base.py (base_input:31] - 正在给 ('css selector', "[placeholder='请输入手机号']") 元素 执行输入操作：13812345678
2020-01-11 15:52:44,856 INFO [root] [base.py (base_find:16] - 正在查找元素：('css selector', "[placeholder='验证码']")
2020-01-11 15:52:44,877 INFO [root] [base.py (base_input:28] - 正在执行清空操作
2020-01-11 15:52:44,911 INFO [root] [base.py (base_input:31] - 正在给 ('css selector', "[placeholder='验证码']") 元素 执行输入操作：246810
2020-01-11 15:52:46,013 INFO [root] [base.py (base_click:37] - 正在对 ('xpath', "//*[text()='登录']/..") 元素 执行点击操作
2020-01-11 15:52:46,014 INFO [root] [base.py (base_find:16] - 正在查找元素：('xpath', "//*[text()='登录']/..")
2020-01-11 15:52:46,152 INFO [root] [base.py (base_find:16] - 正在查找元素：('css selector', '.user-name')
2020-01-11 15:52:47,109 INFO [root] [base.py (base_get_text:42] - 正在获取('css selector', '.user-name')元素文本值：13812345678
2020-01-11 15:52:47,110 INFO [root] [base.py (base_find:16] - 正在查找元素：('css selector', '.user-name')
2020-01-11 16:13:48,484 INFO [root] [base.py (__init__:11] - 正在初始化driver:<selenium.webdriver.chrome.webdriver.WebDriver (session="303d5dabf2e2987422923fc622cc691e")>
2020-01-11 16:13:48,486 INFO [root] [page_mp_login.py (page_mp_login:34] - 正在调用自媒体登录业务方法，用户名：13812345678 密码：246810
2020-01-11 16:13:48,486 INFO [root] [base.py (base_find:16] - 正在查找元素：('css selector', "[placeholder='请输入手机号']")
2020-01-11 16:13:48,550 INFO [root] [base.py (base_input:28] - 正在执行清空操作
2020-01-11 16:13:48,588 INFO [root] [base.py (base_input:31] - 正在给 ('css selector', "[placeholder='请输入手机号']") 元素 执行输入操作：13812345678
2020-01-11 16:13:48,926 INFO [root] [base.py (base_find:16] - 正在查找元素：('css selector', "[placeholder='验证码']")
2020-01-11 16:13:48,954 INFO [root] [base.py (base_input:28] - 正在执行清空操作
2020-01-11 16:13:49,021 INFO [root] [base.py (base_input:31] - 正在给 ('css selector', "[placeholder='验证码']") 元素 执行输入操作：246810
2020-01-11 16:13:50,161 INFO [root] [base.py (base_click:37] - 正在对 ('xpath', "//*[text()='登录']/..") 元素 执行点击操作
2020-01-11 16:13:50,162 INFO [root] [base.py (base_find:16] - 正在查找元素：('xpath', "//*[text()='登录']/..")
2020-01-11 16:13:50,259 INFO [root] [base.py (base_find:16] - 正在查找元素：('css selector', '.user-name')
2020-01-11 16:13:51,018 INFO [root] [base.py (base_get_text:42] - 正在获取('css selector', '.user-name')元素文本值：13812345678
2020-01-11 16:13:51,018 INFO [root] [base.py (base_find:16] - 正在查找元素：('css selector', '.user-name')
2020-01-11 16:14:23,495 INFO [root] [base.py (__init__:11] - 正在初始化driver:<appium.webdriver.webdriver.WebDriver (session="6d472edc-199e-4f17-bb38-a34fe6d854e7")>
2020-01-11 16:14:23,495 INFO [root] [base.py (base_find:16] - 正在查找元素：('xpath', "//*[@index='1' and @class='android.widget.EditText']")
2020-01-11 16:14:27,962 INFO [root] [base.py (base_input:28] - 正在执行清空操作
2020-01-11 16:14:30,822 INFO [root] [base.py (base_input:31] - 正在给 ('xpath', "//*[@index='1' and @class='android.widget.EditText']") 元素 执行输入操作：13812345678
2020-01-11 16:14:35,763 INFO [root] [base.py (base_find:16] - 正在查找元素：('xpath', "//*[@index='2' and @class='android.widget.EditText']")
2020-01-11 16:14:35,806 INFO [root] [base.py (base_input:28] - 正在执行清空操作
2020-01-11 16:14:37,720 INFO [root] [base.py (base_input:31] - 正在给 ('xpath', "//*[@index='2' and @class='android.widget.EditText']") 元素 执行输入操作：246810
2020-01-11 16:14:42,944 INFO [root] [base.py (base_click:37] - 正在对 ('xpath', "//*[@index='4' and @class='android.widget.Button']") 元素 执行点击操作
2020-01-11 16:14:42,944 INFO [root] [base.py (base_find:16] - 正在查找元素：('xpath', "//*[@index='4' and @class='android.widget.Button']")
2020-01-11 16:14:43,946 INFO [root] [base.py (__init__:11] - 正在初始化driver:<appium.webdriver.webdriver.WebDriver (session="6d472edc-199e-4f17-bb38-a34fe6d854e7")>
2020-01-11 16:14:43,947 INFO [root] [base.py (base_find:16] - 正在查找元素：('xpath', "//*[@class='android.widget.HorizontalScrollView']")
2020-01-11 16:14:46,838 INFO [root] [base.py (base_find:16] - 正在查找元素：('xpath', "//android.widget.HorizontalScrollView//*[contains(@text,'python')]")
2020-01-11 16:14:49,794 INFO [root] [base.py (base_find:16] - 正在查找元素：('xpath', "//android.widget.HorizontalScrollView//*[contains(@text,'python')]")
2020-01-11 16:14:53,147 INFO [root] [base.py (base_find:16] - 正在查找元素：('xpath', "//android.widget.HorizontalScrollView//*[contains(@text,'python')]")
2020-01-11 16:14:56,338 INFO [root] [base.py (base_find:16] - 正在查找元素：('xpath', "//android.widget.HorizontalScrollView//*[contains(@text,'python')]")
2020-01-11 16:44:08,896 INFO [root] [base.py (__init__:11] - 正在初始化driver:<appium.webdriver.webdriver.WebDriver (session="44bcd60e-1961-4529-890c-bd560aedf8e2")>
2020-01-11 16:44:08,896 INFO [root] [base.py (base_find:16] - 正在查找元素：('xpath', "//*[@index='1' and @class='android.widget.EditText']")
2020-01-11 16:44:13,239 INFO [root] [base.py (base_input:28] - 正在执行清空操作
2020-01-11 16:44:15,742 INFO [root] [base.py (base_input:31] - 正在给 ('xpath', "//*[@index='1' and @class='android.widget.EditText']") 元素 执行输入操作：13812345678
2020-01-11 16:44:21,080 INFO [root] [base.py (base_find:16] - 正在查找元素：('xpath', "//*[@index='2' and @class='android.widget.EditText']")
2020-01-11 16:44:21,129 INFO [root] [base.py (base_input:28] - 正在执行清空操作
2020-01-11 16:44:23,293 INFO [root] [base.py (base_input:31] - 正在给 ('xpath', "//*[@index='2' and @class='android.widget.EditText']") 元素 执行输入操作：246810
2020-01-11 16:44:28,582 INFO [root] [base.py (base_click:37] - 正在对 ('xpath', "//*[@index='4' and @class='android.widget.Button']") 元素 执行点击操作
2020-01-11 16:44:28,582 INFO [root] [base.py (base_find:16] - 正在查找元素：('xpath', "//*[@index='4' and @class='android.widget.Button']")
2020-01-11 16:44:29,552 INFO [root] [base.py (__init__:11] - 正在初始化driver:<appium.webdriver.webdriver.WebDriver (session="44bcd60e-1961-4529-890c-bd560aedf8e2")>
2020-01-11 16:44:29,553 INFO [root] [base.py (base_find:16] - 正在查找元素：('xpath', "//*[@class='android.widget.HorizontalScrollView']")
2020-01-11 16:44:31,787 INFO [root] [base.py (base_find:16] - 正在查找元素：('xpath', "//android.widget.HorizontalScrollView//*[contains(@text,'python')]")
2020-01-11 16:44:34,898 INFO [root] [base.py (base_find:16] - 正在查找元素：('xpath', "//android.widget.HorizontalScrollView//*[contains(@text,'python')]")
2020-01-11 16:44:38,071 INFO [root] [base.py (base_find:16] - 正在查找元素：('xpath', "//android.widget.HorizontalScrollView//*[contains(@text,'python')]")
2020-01-11 16:44:41,096 INFO [root] [base.py (base_find:16] - 正在查找元素：('xpath', "//android.widget.HorizontalScrollView//*[contains(@text,'python')]")
2020-01-11 16:44:41,780 INFO [root] [base.py (base_find:16] - 正在查找元素：('xpath', "//*[@bounds='[0,390][1080,1716]']")
2020-01-11 16:44:43,229 INFO [root] [base.py (base_find:16] - 正在查找元素：('xpath', "//*[@bounds='[0,390][1080,1716]']//*[contains(@text,'python')]")
2020-01-11 16:44:46,236 INFO [root] [base.py (base_find:16] - 正在查找元素：('xpath', "//*[@bounds='[0,390][1080,1716]']//*[contains(@text,'python')]")
2020-01-11 16:44:48,983 INFO [root] [base.py (base_find:16] - 正在查找元素：('xpath', "//*[@bounds='[0,390][1080,1716]']//*[contains(@text,'python')]")
2020-01-11 16:44:52,294 INFO [root] [base.py (base_find:16] - 正在查找元素：('xpath', "//*[@bounds='[0,390][1080,1716]']//*[contains(@text,'python')]")
2020-01-11 16:44:55,505 INFO [root] [base.py (base_find:16] - 正在查找元素：('xpath', "//*[@bounds='[0,390][1080,1716]']//*[contains(@text,'python')]")
2020-01-11 16:44:58,885 INFO [root] [base.py (base_find:16] - 正在查找元素：('xpath', "//*[@bounds='[0,390][1080,1716]']//*[contains(@text,'python')]")
2020-01-11 16:45:01,627 INFO [root] [base.py (base_find:16] - 正在查找元素：('xpath', "//*[@bounds='[0,390][1080,1716]']//*[contains(@text,'python')]")
2020-01-11 16:45:05,227 INFO [root] [base.py (base_find:16] - 正在查找元素：('xpath', "//*[@bounds='[0,390][1080,1716]']//*[contains(@text,'python')]")
2020-01-11 16:50:36,170 INFO [root] [base.py (__init__:11] - 正在初始化driver:<selenium.webdriver.chrome.webdriver.WebDriver (session="1320bdf7d5527e6ffa656c890f88b4f3")>
2020-01-11 16:50:36,176 INFO [root] [page_mp_login.py (page_mp_login:34] - 正在调用自媒体登录业务方法，用户名：13812345678 密码：246810
2020-01-11 16:50:36,176 INFO [root] [base.py (base_find:16] - 正在查找元素：('css selector', "[placeholder='请输入手机号']")
2020-01-11 16:50:36,259 INFO [root] [base.py (base_input:28] - 正在执行清空操作
2020-01-11 16:50:36,299 INFO [root] [base.py (base_input:31] - 正在给 ('css selector', "[placeholder='请输入手机号']") 元素 执行输入操作：13812345678
2020-01-11 16:50:36,498 INFO [root] [base.py (base_find:16] - 正在查找元素：('css selector', "[placeholder='验证码']")
2020-01-11 16:50:36,514 INFO [root] [base.py (base_input:28] - 正在执行清空操作
2020-01-11 16:50:36,552 INFO [root] [base.py (base_input:31] - 正在给 ('css selector', "[placeholder='验证码']") 元素 执行输入操作：246810
2020-01-11 16:50:37,691 INFO [root] [base.py (base_click:37] - 正在对 ('xpath', "//*[text()='登录']/..") 元素 执行点击操作
2020-01-11 16:50:37,691 INFO [root] [base.py (base_find:16] - 正在查找元素：('xpath', "//*[text()='登录']/..")
2020-01-11 16:50:37,806 INFO [root] [base.py (base_find:16] - 正在查找元素：('css selector', '.user-name')
2020-01-11 16:50:38,930 INFO [root] [base.py (base_get_text:42] - 正在获取('css selector', '.user-name')元素文本值：13812345678
2020-01-11 16:50:38,930 INFO [root] [base.py (base_find:16] - 正在查找元素：('css selector', '.user-name')
2020-01-11 16:50:49,466 INFO [root] [base.py (__init__:11] - 正在初始化driver:<selenium.webdriver.chrome.webdriver.WebDriver (session="b816c7800ac8f4a2fc2ed76f2eeaac56")>
2020-01-11 16:50:49,467 INFO [root] [page_mp_login.py (page_mp_login_success:41] - 正在调用自媒体登录成功业务方法，用户名：13812345678 密码：246810
2020-01-11 16:50:49,467 INFO [root] [base.py (base_find:16] - 正在查找元素：('css selector', "[placeholder='请输入手机号']")
2020-01-11 16:50:49,502 INFO [root] [base.py (base_input:28] - 正在执行清空操作
2020-01-11 16:50:49,558 INFO [root] [base.py (base_input:31] - 正在给 ('css selector', "[placeholder='请输入手机号']") 元素 执行输入操作：13812345678
2020-01-11 16:50:49,836 INFO [root] [base.py (base_find:16] - 正在查找元素：('css selector', "[placeholder='验证码']")
2020-01-11 16:50:49,867 INFO [root] [base.py (base_input:28] - 正在执行清空操作
2020-01-11 16:50:49,953 INFO [root] [base.py (base_input:31] - 正在给 ('css selector', "[placeholder='验证码']") 元素 执行输入操作：246810
2020-01-11 16:50:51,067 INFO [root] [base.py (base_click:37] - 正在对 ('xpath', "//*[text()='登录']/..") 元素 执行点击操作
2020-01-11 16:50:51,067 INFO [root] [base.py (base_find:16] - 正在查找元素：('xpath', "//*[text()='登录']/..")
2020-01-11 16:50:51,152 INFO [root] [base.py (__init__:11] - 正在初始化driver:<selenium.webdriver.chrome.webdriver.WebDriver (session="b816c7800ac8f4a2fc2ed76f2eeaac56")>
2020-01-11 16:50:53,153 INFO [root] [base.py (base_click:37] - 正在对 ('xpath', "//div[@class='menu-wrapper']//*[text()='内容管理']") 元素 执行点击操作
2020-01-11 16:50:53,153 INFO [root] [base.py (base_find:16] - 正在查找元素：('xpath', "//div[@class='menu-wrapper']//*[text()='内容管理']")
2020-01-11 16:50:54,683 INFO [root] [base.py (base_click:37] - 正在对 ('xpath', "//*[contains(text(),'发布文章')]") 元素 执行点击操作
2020-01-11 16:50:54,684 INFO [root] [base.py (base_find:16] - 正在查找元素：('xpath', "//*[contains(text(),'发布文章')]")
2020-01-11 16:50:54,815 INFO [root] [base.py (base_find:16] - 正在查找元素：('css selector', "[placeholder='文章名称']")
2020-01-11 16:50:55,756 INFO [root] [base.py (base_input:28] - 正在执行清空操作
2020-01-11 16:50:55,883 INFO [root] [base.py (base_input:31] - 正在给 ('css selector', "[placeholder='文章名称']") 元素 执行输入操作：bj-test17-004
2020-01-11 16:50:56,446 INFO [root] [base.py (base_find:16] - 正在查找元素：('css selector', '#publishTinymce_ifr')
2020-01-11 16:50:56,534 INFO [root] [base.py (base_find:16] - 正在查找元素：('css selector', '#tinymce')
2020-01-11 16:50:56,549 INFO [root] [base.py (base_input:28] - 正在执行清空操作
2020-01-11 16:50:56,583 INFO [root] [base.py (base_input:31] - 正在给 ('css selector', '#tinymce') 元素 执行输入操作：今天晚上炖火锅！
2020-01-11 16:50:57,091 INFO [root] [base.py (base_click:37] - 正在对 ('xpath', "//*[text()='自动']") 元素 执行点击操作
2020-01-11 16:50:57,091 INFO [root] [base.py (base_find:16] - 正在查找元素：('xpath', "//*[text()='自动']")
2020-01-11 16:50:57,201 INFO [root] [base.py (base_click:37] - 正在对 ('css selector', "[placeholder='请选择']") 元素 执行点击操作
2020-01-11 16:50:57,201 INFO [root] [base.py (base_find:16] - 正在查找元素：('css selector', "[placeholder='请选择']")
2020-01-11 16:50:58,569 INFO [root] [base.py (base_click:37] - 正在对 ('xpath', "//*[text()='数据库']") 元素 执行点击操作
2020-01-11 16:50:58,569 INFO [root] [base.py (base_find:16] - 正在查找元素：('xpath', "//*[text()='数据库']")
2020-01-11 16:50:58,721 INFO [root] [base.py (base_click:37] - 正在对 ('css selector', '.el-button.filter-item.el-button--primary') 元素 执行点击操作
2020-01-11 16:50:58,722 INFO [root] [base.py (base_find:16] - 正在查找元素：('css selector', '.el-button.filter-item.el-button--primary')
2020-01-11 16:50:58,942 INFO [root] [base.py (base_find:16] - 正在查找元素：('xpath', "//*[contains(text(),'成功')]")
2020-01-11 16:50:59,553 INFO [root] [base.py (base_get_text:42] - 正在获取('xpath', "//*[contains(text(),'成功')]")元素文本值：新增文章成功
2020-01-11 16:50:59,554 INFO [root] [base.py (base_find:16] - 正在查找元素：('xpath', "//*[contains(text(),'成功')]")
2020-01-11 16:51:11,096 INFO [root] [base.py (__init__:11] - 正在初始化driver:<selenium.webdriver.chrome.webdriver.WebDriver (session="1c7ca302c0f06ed129b1ca83cc3dc2af")>
2020-01-11 16:51:11,098 INFO [root] [base.py (base_find:16] - 正在查找元素：('css selector', "[placeholder='用户名']")
2020-01-11 16:51:11,116 INFO [root] [base.py (base_input:28] - 正在执行清空操作
2020-01-11 16:51:11,142 INFO [root] [base.py (base_input:31] - 正在给 ('css selector', "[placeholder='用户名']") 元素 执行输入操作：testid
2020-01-11 16:51:11,206 INFO [root] [base.py (base_find:16] - 正在查找元素：('css selector', "[placeholder='密码']")
2020-01-11 16:51:11,222 INFO [root] [base.py (base_input:28] - 正在执行清空操作
2020-01-11 16:51:11,259 INFO [root] [base.py (base_input:31] - 正在给 ('css selector', "[placeholder='密码']") 元素 执行输入操作：testpwd123
2020-01-11 16:51:11,325 INFO [root] [base.py (base_click:37] - 正在对 ('css selector', '#inp1') 元素 执行点击操作
2020-01-11 16:51:11,326 INFO [root] [base.py (base_find:16] - 正在查找元素：('css selector', '#inp1')
2020-01-11 16:51:11,427 INFO [root] [base.py (base_find:16] - 正在查找元素：('css selector', '.user_info>span')
2020-01-11 16:51:11,969 INFO [root] [base.py (base_get_text:42] - 正在获取('css selector', '.user_info>span')元素文本值：欢迎 管理员
2020-01-11 16:51:11,969 INFO [root] [base.py (base_find:16] - 正在查找元素：('css selector', '.user_info>span')
2020-01-11 16:51:23,279 INFO [root] [base.py (__init__:11] - 正在初始化driver:<selenium.webdriver.chrome.webdriver.WebDriver (session="875933d59f3889055d6ad3ceaf760a13")>
2020-01-11 16:51:23,279 INFO [root] [base.py (base_find:16] - 正在查找元素：('css selector', "[placeholder='用户名']")
2020-01-11 16:51:23,306 INFO [root] [base.py (base_input:28] - 正在执行清空操作
2020-01-11 16:51:23,338 INFO [root] [base.py (base_input:31] - 正在给 ('css selector', "[placeholder='用户名']") 元素 执行输入操作：testid
2020-01-11 16:51:23,470 INFO [root] [base.py (base_find:16] - 正在查找元素：('css selector', "[placeholder='密码']")
2020-01-11 16:51:23,489 INFO [root] [base.py (base_input:28] - 正在执行清空操作
2020-01-11 16:51:23,515 INFO [root] [base.py (base_input:31] - 正在给 ('css selector', "[placeholder='密码']") 元素 执行输入操作：testpwd123
2020-01-11 16:51:23,596 INFO [root] [base.py (base_click:37] - 正在对 ('css selector', '#inp1') 元素 执行点击操作
2020-01-11 16:51:23,597 INFO [root] [base.py (base_find:16] - 正在查找元素：('css selector', '#inp1')
2020-01-11 16:51:23,681 INFO [root] [base.py (__init__:11] - 正在初始化driver:<selenium.webdriver.chrome.webdriver.WebDriver (session="875933d59f3889055d6ad3ceaf760a13")>
2020-01-11 16:51:25,683 INFO [root] [base.py (base_click:37] - 正在对 ('xpath', "//*[@class='menu']//*[text()='信息管理']") 元素 执行点击操作
2020-01-11 16:51:25,684 INFO [root] [base.py (base_find:16] - 正在查找元素：('xpath', "//*[@class='menu']//*[text()='信息管理']")
2020-01-11 16:51:27,802 INFO [root] [base.py (base_click:37] - 正在对 ('xpath', "//*[@class='menu']//*[text()= '内容审核']") 元素 执行点击操作
2020-01-11 16:51:27,802 INFO [root] [base.py (base_find:16] - 正在查找元素：('xpath', "//*[@class='menu']//*[text()= '内容审核']")
2020-01-11 16:51:28,069 INFO [root] [base.py (base_find:16] - 正在查找元素：('css selector', "[placeholder='请输入: 文章名称']")
2020-01-11 16:51:28,093 INFO [root] [base.py (base_input:28] - 正在执行清空操作
2020-01-11 16:51:28,134 INFO [root] [base.py (base_input:31] - 正在给 ('css selector', "[placeholder='请输入: 文章名称']") 元素 执行输入操作：bj-test17-004
2020-01-11 16:51:28,437 INFO [root] [base.py (base_find:16] - 正在查找元素：('css selector', "[placeholder='请输入: 频道']")
2020-01-11 16:51:28,456 INFO [root] [base.py (base_input:28] - 正在执行清空操作
2020-01-11 16:51:28,495 INFO [root] [base.py (base_input:31] - 正在给 ('css selector', "[placeholder='请输入: 频道']") 元素 执行输入操作：数据库
2020-01-11 16:51:28,724 INFO [root] [base.py (base_click:37] - 正在对 ('xpath', "//*[@placeholder='请选择状态']") 元素 执行点击操作
2020-01-11 16:51:28,724 INFO [root] [base.py (base_find:16] - 正在查找元素：('xpath', "//*[@placeholder='请选择状态']")
2020-01-11 16:51:30,903 INFO [root] [base.py (base_finds:21] - 正在查找元素：('css selector', 'ul>li')
2020-01-11 16:51:31,813 INFO [root] [base.py (base_click:37] - 正在对 ('css selector', '.find') 元素 执行点击操作
2020-01-11 16:51:31,813 INFO [root] [base.py (base_find:16] - 正在查找元素：('css selector', '.find')
2020-01-11 16:51:34,936 INFO [root] [base.py (base_find:16] - 正在查找元素：('css selector', '.cell>span')
2020-01-11 16:51:34,983 INFO [root] [base.py (base_get_text:42] - 正在获取('css selector', '.cell>span')元素文本值：1215837629405200384
2020-01-11 16:51:34,983 INFO [root] [base.py (base_find:16] - 正在查找元素：('css selector', '.cell>span')
2020-01-11 16:51:35,003 INFO [root] [base.py (base_click:37] - 正在对 ('xpath', "//*[text()='通过']/..") 元素 执行点击操作
2020-01-11 16:51:35,003 INFO [root] [base.py (base_find:16] - 正在查找元素：('xpath', "//*[text()='通过']/..")
2020-01-11 16:51:35,152 INFO [root] [base.py (base_click:37] - 正在对 ('css selector', '.el-button--primary') 元素 执行点击操作
2020-01-11 16:51:35,152 INFO [root] [base.py (base_find:16] - 正在查找元素：('css selector', '.el-button--primary')
2020-01-11 16:51:41,110 INFO [root] [base.py (base_find:16] - 正在查找元素：('css selector', "[placeholder='请输入: 文章名称']")
2020-01-11 16:51:41,126 INFO [root] [base.py (base_input:28] - 正在执行清空操作
2020-01-11 16:51:41,155 INFO [root] [base.py (base_input:31] - 正在给 ('css selector', "[placeholder='请输入: 文章名称']") 元素 执行输入操作：bj-test17-004
2020-01-11 16:51:41,381 INFO [root] [base.py (base_find:16] - 正在查找元素：('css selector', "[placeholder='请输入: 频道']")
2020-01-11 16:51:41,401 INFO [root] [base.py (base_input:28] - 正在执行清空操作
2020-01-11 16:51:41,427 INFO [root] [base.py (base_input:31] - 正在给 ('css selector', "[placeholder='请输入: 频道']") 元素 执行输入操作：数据库
2020-01-11 16:51:41,486 INFO [root] [base.py (base_click:37] - 正在对 ('xpath', "//*[@placeholder='请选择状态']") 元素 执行点击操作
2020-01-11 16:51:41,486 INFO [root] [base.py (base_find:16] - 正在查找元素：('xpath', "//*[@placeholder='请选择状态']")
2020-01-11 16:51:43,717 INFO [root] [base.py (base_finds:21] - 正在查找元素：('css selector', 'ul>li')
2020-01-11 16:51:44,475 INFO [root] [base.py (base_click:37] - 正在对 ('css selector', '.find') 元素 执行点击操作
2020-01-11 16:51:44,475 INFO [root] [base.py (base_find:16] - 正在查找元素：('css selector', '.find')
2020-01-11 16:51:47,602 INFO [root] [base.py (base_find:16] - 正在查找元素：('xpath', "//*[contains(text(),'1215837629405200384')]")
2020-01-11 16:51:50,725 ERROR [root] [test04_mis_audit.py (test_article_audit:38] - assert False
 +  where False = <bound method PageMisAudit.page_assert_success of <page.page_mis_audit.PageMisAudit object at 0x03DD84F0>>(title='bj-test17-004', channel='数据库')
 +    where <bound method PageMisAudit.page_assert_success of <page.page_mis_audit.PageMisAudit object at 0x03DD84F0>> = <page.page_mis_audit.PageMisAudit object at 0x03DD84F0>.page_assert_success
 +      where <page.page_mis_audit.PageMisAudit object at 0x03DD84F0> = <scripts.test04_mis_audit.TestMisAudit object at 0x03E95AB0>.audit
2020-01-11 16:51:50,725 ERROR [root] [base.py (base_get_img:47] - 出现异常！正在截图操作
2020-01-11 16:51:51,202 ERROR [root] [base.py (__base_write_img:55] - 异常处理！正在截图写入报告
2020-01-11 16:52:07,476 INFO [root] [base.py (__init__:11] - 正在初始化driver:<appium.webdriver.webdriver.WebDriver (session="0f2f7aac-0471-4e6c-9fa2-53a19e84d12c")>
2020-01-11 16:52:07,478 INFO [root] [base.py (base_find:16] - 正在查找元素：('xpath', "//*[@index='1' and @class='android.widget.EditText']")
2020-01-11 16:52:11,875 INFO [root] [base.py (base_input:28] - 正在执行清空操作
2020-01-11 16:52:14,474 INFO [root] [base.py (base_input:31] - 正在给 ('xpath', "//*[@index='1' and @class='android.widget.EditText']") 元素 执行输入操作：13812345678
2020-01-11 16:52:19,791 INFO [root] [base.py (base_find:16] - 正在查找元素：('xpath', "//*[@index='2' and @class='android.widget.EditText']")
2020-01-11 16:52:19,843 INFO [root] [base.py (base_input:28] - 正在执行清空操作
2020-01-11 16:52:21,694 INFO [root] [base.py (base_input:31] - 正在给 ('xpath', "//*[@index='2' and @class='android.widget.EditText']") 元素 执行输入操作：246810
2020-01-11 16:52:26,479 INFO [root] [base.py (base_click:37] - 正在对 ('xpath', "//*[@index='4' and @class='android.widget.Button']") 元素 执行点击操作
2020-01-11 16:52:26,479 INFO [root] [base.py (base_find:16] - 正在查找元素：('xpath', "//*[@index='4' and @class='android.widget.Button']")
2020-01-11 16:52:27,418 INFO [root] [base.py (base_find:16] - 正在查找元素：('xpath', "//*[@index='3' and contains(@text,'我的')]")
2020-01-11 16:52:38,966 INFO [root] [base.py (__init__:11] - 正在初始化driver:<appium.webdriver.webdriver.WebDriver (session="3c68d4d7-ea1f-42d4-a401-765833f85ed0")>
2020-01-11 16:52:38,967 INFO [root] [base.py (base_find:16] - 正在查找元素：('xpath', "//*[@index='1' and @class='android.widget.EditText']")
2020-01-11 16:52:43,276 INFO [root] [base.py (base_input:28] - 正在执行清空操作
2020-01-11 16:52:45,869 INFO [root] [base.py (base_input:31] - 正在给 ('xpath', "//*[@index='1' and @class='android.widget.EditText']") 元素 执行输入操作：13812345678
2020-01-11 16:52:51,163 INFO [root] [base.py (base_find:16] - 正在查找元素：('xpath', "//*[@index='2' and @class='android.widget.EditText']")
2020-01-11 16:52:51,199 INFO [root] [base.py (base_input:28] - 正在执行清空操作
2020-01-11 16:52:53,204 INFO [root] [base.py (base_input:31] - 正在给 ('xpath', "//*[@index='2' and @class='android.widget.EditText']") 元素 执行输入操作：246810
2020-01-11 16:52:58,001 INFO [root] [base.py (base_click:37] - 正在对 ('xpath', "//*[@index='4' and @class='android.widget.Button']") 元素 执行点击操作
2020-01-11 16:52:58,001 INFO [root] [base.py (base_find:16] - 正在查找元素：('xpath', "//*[@index='4' and @class='android.widget.Button']")
2020-01-11 16:52:58,177 INFO [root] [base.py (__init__:11] - 正在初始化driver:<appium.webdriver.webdriver.WebDriver (session="3c68d4d7-ea1f-42d4-a401-765833f85ed0")>
2020-01-11 16:52:58,178 INFO [root] [base.py (base_find:16] - 正在查找元素：('xpath', "//*[@class='android.widget.HorizontalScrollView']")
2020-01-11 16:53:00,575 INFO [root] [base.py (base_find:16] - 正在查找元素：('xpath', "//android.widget.HorizontalScrollView//*[contains(@text,'python')]")
2020-01-11 16:53:04,366 INFO [root] [base.py (base_find:16] - 正在查找元素：('xpath', "//android.widget.HorizontalScrollView//*[contains(@text,'python')]")
2020-01-11 16:53:07,801 INFO [root] [base.py (base_find:16] - 正在查找元素：('xpath', "//android.widget.HorizontalScrollView//*[contains(@text,'python')]")
2020-01-11 16:53:10,915 INFO [root] [base.py (base_find:16] - 正在查找元素：('xpath', "//android.widget.HorizontalScrollView//*[contains(@text,'python')]")
2020-01-11 16:53:11,452 INFO [root] [base.py (base_find:16] - 正在查找元素：('xpath', "//*[@bounds='[0,390][1080,1716]']")
2020-01-11 16:53:12,867 INFO [root] [base.py (base_find:16] - 正在查找元素：('xpath', "//*[@bounds='[0,390][1080,1716]']//*[contains(@text,'python')]")
